2014-06-05 12:49:47.708+0000: WARNING! You are using an unsupported version of the Java runtime. Please use Oracle(R) Java(TM) Runtime Environment 6.
2014-06-05 12:49:47.767+0000: Creating new db @ /home/lareb/workspace/kvitter-master/db/neo4j-development/neostore
2014-06-05 12:49:47.898+0000: [/home/lareb/workspace/kvitter-master/db/neo4j-development/neostore.nodestore.db] brickCount=0 brickSize=2233458b mappedMem=223346688b (storeSize=0b)
2014-06-05 12:49:47.926+0000: /home/lareb/workspace/kvitter-master/db/neo4j-development/neostore.nodestore.db hit=1 miss=0 switches=0 ooe=0
2014-06-05 12:49:48.610+0000: [/home/lareb/workspace/kvitter-master/db/neo4j-development/neostore.relationshiptypestore.db.names] brickCount=0 brickSize=0b mappedMem=0b (storeSize=38b)
2014-06-05 12:49:48.614+0000: [/home/lareb/workspace/kvitter-master/db/neo4j-development/neostore.relationshiptypestore.db] brickCount=0 brickSize=0b mappedMem=0b (storeSize=0b)
2014-06-05 12:49:48.630+0000: /home/lareb/workspace/kvitter-master/db/neo4j-development/neostore.relationshiptypestore.db.names hit=0 miss=0 switches=0 ooe=0
2014-06-05 12:49:48.683+0000: /home/lareb/workspace/kvitter-master/db/neo4j-development/neostore.relationshiptypestore.db hit=0 miss=0 switches=0 ooe=0
2014-06-05 12:49:48.732+0000: [/home/lareb/workspace/kvitter-master/db/neo4j-development/neostore.relationshiptypestore.db.names] brickCount=0 brickSize=0b mappedMem=0b (storeSize=38b)
2014-06-05 12:49:48.732+0000: [/home/lareb/workspace/kvitter-master/db/neo4j-development/neostore.relationshiptypestore.db] brickCount=0 brickSize=0b mappedMem=0b (storeSize=0b)
2014-06-05 12:49:48.733+0000: [/home/lareb/workspace/kvitter-master/db/neo4j-development/neostore.propertystore.db.strings] brickCount=0 brickSize=684672b mappedMem=684720128b (storeSize=128b)
2014-06-05 12:49:48.733+0000: [/home/lareb/workspace/kvitter-master/db/neo4j-development/neostore.propertystore.db.index.keys] brickCount=0 brickSize=1026b mappedMem=1048576b (storeSize=38b)
2014-06-05 12:49:48.737+0000: [/home/lareb/workspace/kvitter-master/db/neo4j-development/neostore.propertystore.db.index] brickCount=0 brickSize=10485b mappedMem=1048576b (storeSize=0b)
2014-06-05 12:49:48.739+0000: [/home/lareb/workspace/kvitter-master/db/neo4j-development/neostore.propertystore.db.arrays] brickCount=0 brickSize=775936b mappedMem=775946240b (storeSize=128b)
2014-06-05 12:49:48.744+0000: [/home/lareb/workspace/kvitter-master/db/neo4j-development/neostore.propertystore.db] brickCount=0 brickSize=8053056b mappedMem=805306368b (storeSize=0b)
2014-06-05 12:49:48.746+0000: [/home/lareb/workspace/kvitter-master/db/neo4j-development/neostore.relationshipstore.db] brickCount=0 brickSize=9867099b mappedMem=986710016b (storeSize=0b)
2014-06-05 12:49:48.746+0000: [/home/lareb/workspace/kvitter-master/db/neo4j-development/neostore.nodestore.db] brickCount=0 brickSize=223344b mappedMem=223346688b (storeSize=9b)
2014-06-05 12:49:48.747+0000: [/home/lareb/workspace/kvitter-master/db/neo4j-development/neostore] brickCount=0 brickSize=0b mappedMem=0b (storeSize=0b)
2014-06-05 12:49:48.807+0000: /home/lareb/workspace/kvitter-master/db/neo4j-development/neostore.relationshiptypestore.db.names hit=0 miss=0 switches=0 ooe=0
2014-06-05 12:49:48.849+0000: /home/lareb/workspace/kvitter-master/db/neo4j-development/neostore.relationshiptypestore.db hit=0 miss=0 switches=0 ooe=0
2014-06-05 12:49:48.899+0000: /home/lareb/workspace/kvitter-master/db/neo4j-development/neostore.propertystore.db.strings hit=0 miss=0 switches=0 ooe=0
2014-06-05 12:49:48.942+0000: /home/lareb/workspace/kvitter-master/db/neo4j-development/neostore.propertystore.db.index.keys hit=0 miss=0 switches=0 ooe=0
2014-06-05 12:49:48.984+0000: /home/lareb/workspace/kvitter-master/db/neo4j-development/neostore.propertystore.db.index hit=0 miss=0 switches=0 ooe=0
2014-06-05 12:49:49.026+0000: /home/lareb/workspace/kvitter-master/db/neo4j-development/neostore.propertystore.db.arrays hit=0 miss=0 switches=0 ooe=0
2014-06-05 12:49:49.068+0000: /home/lareb/workspace/kvitter-master/db/neo4j-development/neostore.propertystore.db hit=0 miss=0 switches=0 ooe=0
2014-06-05 12:49:49.118+0000: /home/lareb/workspace/kvitter-master/db/neo4j-development/neostore.relationshipstore.db hit=0 miss=0 switches=0 ooe=0
2014-06-05 12:49:49.160+0000: /home/lareb/workspace/kvitter-master/db/neo4j-development/neostore.nodestore.db hit=0 miss=0 switches=0 ooe=0
2014-06-05 12:49:49.227+0000: /home/lareb/workspace/kvitter-master/db/neo4j-development/neostore hit=0 miss=8 switches=0 ooe=0
2014-06-05 12:49:49.283+0000: [/home/lareb/workspace/kvitter-master/db/neo4j-development/neostore.relationshiptypestore.db.names] brickCount=0 brickSize=0b mappedMem=0b (storeSize=38b)
2014-06-05 12:49:49.284+0000: [/home/lareb/workspace/kvitter-master/db/neo4j-development/neostore.relationshiptypestore.db] brickCount=0 brickSize=0b mappedMem=0b (storeSize=0b)
2014-06-05 12:49:49.284+0000: [/home/lareb/workspace/kvitter-master/db/neo4j-development/neostore.propertystore.db.strings] brickCount=0 brickSize=684672b mappedMem=684720128b (storeSize=128b)
2014-06-05 12:49:49.285+0000: [/home/lareb/workspace/kvitter-master/db/neo4j-development/neostore.propertystore.db.index.keys] brickCount=0 brickSize=1026b mappedMem=1048576b (storeSize=38b)
2014-06-05 12:49:49.286+0000: [/home/lareb/workspace/kvitter-master/db/neo4j-development/neostore.propertystore.db.index] brickCount=0 brickSize=10485b mappedMem=1048576b (storeSize=0b)
2014-06-05 12:49:49.286+0000: [/home/lareb/workspace/kvitter-master/db/neo4j-development/neostore.propertystore.db.arrays] brickCount=0 brickSize=775936b mappedMem=775946240b (storeSize=128b)
2014-06-05 12:49:49.287+0000: [/home/lareb/workspace/kvitter-master/db/neo4j-development/neostore.propertystore.db] brickCount=0 brickSize=8053056b mappedMem=805306368b (storeSize=0b)
2014-06-05 12:49:49.287+0000: [/home/lareb/workspace/kvitter-master/db/neo4j-development/neostore.relationshipstore.db] brickCount=0 brickSize=9867099b mappedMem=986710016b (storeSize=0b)
2014-06-05 12:49:49.288+0000: [/home/lareb/workspace/kvitter-master/db/neo4j-development/neostore.nodestore.db] brickCount=0 brickSize=223344b mappedMem=223346688b (storeSize=9b)
2014-06-05 12:49:49.289+0000: [/home/lareb/workspace/kvitter-master/db/neo4j-development/neostore] brickCount=0 brickSize=0b mappedMem=0b (storeSize=54b)
2014-06-05 12:49:49.307+0000: Opened logical log [/home/lareb/workspace/kvitter-master/db/neo4j-development/nioneo_logical.log.1] version=0, lastTxId=1 (clean)
2014-06-05 12:49:49.370+0000: TM new log: tm_tx_log.1
2014-06-05 12:49:49.429+0000: Opened logical log [/home/lareb/workspace/kvitter-master/db/neo4j-development/index/lucene.log.1] version=0, lastTxId=1 (clean)
2014-06-05 12:49:49.460+0000: --- STARTUP diagnostics START ---
2014-06-05 12:49:49.465+0000: Neo4j Kernel properties:
    forced_kernel_id=
    read_only=false
    neo4j.ext.udc.host=udc.neo4j.org
    logical_log=nioneo_logical.log
    node_auto_indexing=false
    intercept_committing_transactions=false
    remote_shell_name=shell
    cache_type=soft
    intercept_deserialized_transactions=false
    lucene_searcher_cache_size=2147483647
    neo4j.ext.udc.interval=86400000
    use_memory_mapped_buffers=true
    timestamps=true
    rebuild_idgenerators_fast=true
    neostore.propertystore.db.index.keys.mapped_memory=1M
    neostore.propertystore.db.arrays.mapped_memory=740M
    neostore.propertystore.db.strings.mapped_memory=653M
    log_mapped_memory_stats_filename=mapped_memory_stats.log
    log_mapped_memory_stats_interval=1000000
    gcr_cache_min_log_interval=60s
    relationship_grab_size=100
    relationship_auto_indexing=false
    remote_shell_read_only=false
    storage_path=/home/lareb/workspace/kvitter-master/db/neo4j-development
    node_cache_array_fraction=1.0
    allow_store_upgrade=false
    execution_guard_enabled=false
    relationship_cache_array_fraction=1.0
    migration_thread=false
    store_dir=/home/lareb/workspace/kvitter-master/db/neo4j-development
    remote_logging_host=127.0.0.1
    online_backup_enabled=false
    remote_logging_port=4560
    enable_rules=true
    gc_monitor_threshold=200ms
    array_block_size=120
    load_kernel_extensions=true
    neostore.relationshipstore.db.mapped_memory=941M
    keep_logical_logs=true
    dump_configuration=false
    gc_monitor_wait_time=100ms
    neostore.nodestore.db.mapped_memory=213M
    neo4j.ext.udc.first_delay=600000
    remote_shell_enabled=false
    neo4j.ext.udc.reg=unreg
    remote_shell_port=1337
    identity_map=false
    log_mapped_memory_stats=false
    mapped_memory_page_size=1M
    neo_store=neostore
    query_cache_size=100
    logging.threshold_for_rotation=104857600
    neostore.propertystore.db.index.mapped_memory=1M
    backup_slave=false
    neostore.propertystore.db.mapped_memory=768M
    string_block_size=120
    grab_file_lock=true
    remote_logging_enabled=false
    neo4j.ext.udc.enabled=true
    all_stores_total_mapped_memory_size=500M
    online_backup_port=6362
2014-06-05 12:49:49.471+0000: Diagnostics providers:
    org.neo4j.kernel.configuration.Config
    org.neo4j.kernel.info.DiagnosticsManager
    SYSTEM_MEMORY
    JAVA_MEMORY
    OPERATING_SYSTEM
    JAVA_VIRTUAL_MACHINE
    CLASSPATH
    LIBRARY_PATH
    SYSTEM_PROPERTIES
    LINUX_SCHEDULERS
    NETWORK
2014-06-05 12:49:49.472+0000: System memory information:
    Total Physical memory: 7.65 GB
    Free Physical memory: 2.61 GB
    Committed virtual memory: 1.87 GB
    Total swap space: 19.53 GB
    Free swap space: 19.53 GB
2014-06-05 12:49:49.474+0000: JVM memory information:
    Free  memory: 62.34 MB
    Total memory: 222.00 MB
    Max   memory: 444.50 MB
    Garbage Collector: PS Scavenge: [PS Eden Space, PS Survivor Space]
    Garbage Collector: PS MarkSweep: [PS Eden Space, PS Survivor Space, PS Old Gen, PS Perm Gen]
    Memory Pool: Code Cache (Non-heap memory): committed=5.38 MB, used=4.90 MB, max=48.00 MB, threshold=0.00 B
    Memory Pool: PS Eden Space (Heap memory): committed=114.00 MB, used=93.24 MB, max=114.00 MB, threshold=?
    Memory Pool: PS Survivor Space (Heap memory): committed=26.50 MB, used=26.47 MB, max=26.50 MB, threshold=?
    Memory Pool: PS Old Gen (Heap memory): committed=81.50 MB, used=39.95 MB, max=333.00 MB, threshold=0.00 B
    Memory Pool: PS Perm Gen (Non-heap memory): committed=40.50 MB, used=40.24 MB, max=82.00 MB, threshold=0.00 B
2014-06-05 12:49:49.480+0000: Operating system information:
    Operating System: Linux; version: 3.11.0-22-generic; arch: amd64; cpus: 4
    Max number of file descriptors: 4096
    Number of open file descriptors: 77
    Process id: 15049@lareb-ThinkPad-Edge-E530
    Byte order: LITTLE_ENDIAN
    Local timezone: Asia/Kolkata
2014-06-05 12:49:49.482+0000: JVM information:
    VM Name: Java HotSpot(TM) 64-Bit Server VM
    VM Vendor: Oracle Corporation
    VM Version: 24.55-b03
    JIT compiler: HotSpot 64-Bit Tiered Compilers
    VM Arguments: [-Djdk.home=, -Djruby.home=/home/lareb/.rvm/rubies/jruby-1.7.11, -Djruby.script=jruby, -Djruby.shell=/bin/sh, -Djffi.boot.library.path=/home/lareb/.rvm/rubies/jruby-1.7.11/lib/jni:/home/lareb/.rvm/rubies/jruby-1.7.11/lib/jni/arm-Linux:/home/lareb/.rvm/rubies/jruby-1.7.11/lib/jni/i386-Linux:/home/lareb/.rvm/rubies/jruby-1.7.11/lib/jni/x86_64-Linux, -Xmx500m, -Xss2048k, -Xbootclasspath/a:/home/lareb/.rvm/rubies/jruby-1.7.11/lib/jruby.jar]
2014-06-05 12:49:49.483+0000: Java classpath:
     [loader.0] file:/home/lareb/.rvm/gems/jruby-1.7.11/gems/neo4j-community-1.8.2-java/lib/neo4j-community/jars/neo4j-jmx-1.8.2.jar
     [loader.2] file:/usr/lib/jvm/java-7-oracle/jre/lib/ext/sunjce_provider.jar
     [loader.0] file:/home/lareb/.rvm/gems/jruby-1.7.11/gems/therubyrhino_jar-1.7.4/jar/rhino-1.7R4.jar
     [loader.0] file:/home/lareb/.rvm/gems/jruby-1.7.11/gems/http_parser.rb-0.6.0-java/lib/ruby_http_parser.jar
     [bootstrap] /usr/lib/jvm/java-7-oracle/jre/classes
     [loader.0] file:/home/lareb/.rvm/gems/jruby-1.7.11/gems/neo4j-community-1.8.2-java/lib/neo4j-community/jars/neo4j-udc-1.8.2.jar
     [loader.0] file:/home/lareb/.rvm/rubies/jruby-1.7.11/lib/ruby/shared/bcprov-jdk15on-1.47.jar
     [loader.0] file:/home/lareb/.rvm/gems/jruby-1.7.11/gems/neo4j-community-1.8.2-java/lib/neo4j-community/jars/neo4j-graph-matching-1.8.2.jar
     [loader.0] file:/home/lareb/.rvm/gems/jruby-1.7.11/gems/jruby-openssl-0.9.4/lib/jopenssl.jar
     [bootstrap] /usr/lib/jvm/java-7-oracle/jre/lib/jsse.jar
     [loader.2] file:/usr/lib/jvm/java-7-oracle/jre/lib/ext/localedata.jar
     [loader.0] file:/home/lareb/.rvm/gems/jruby-1.7.11/gems/json-1.8.1-java/lib/json/ext/generator.jar
     [loader.2] file:/usr/lib/jvm/java-7-oracle/jre/lib/ext/sunpkcs11.jar
     [loader.0] file:/home/lareb/.rvm/gems/jruby-1.7.11/gems/neo4j-community-1.8.2-java/lib/neo4j-community/jars/neo4j-graph-algo-1.8.2.jar
     [loader.2] file:/usr/lib/jvm/java-7-oracle/jre/lib/ext/dnsns.jar
     [bootstrap] /usr/lib/jvm/java-7-oracle/jre/lib/jce.jar
     [loader.0] file:/home/lareb/.rvm/gems/jruby-1.7.11/gems/neo4j-core-2.2.4-java/lib/neo4j-core/jars/neo4jrb-adaptor.jar
     [loader.0] file:/home/lareb/.rvm/gems/jruby-1.7.11/gems/neo4j-community-1.8.2-java/lib/neo4j-community/jars/geronimo-jta_1.1_spec-1.1.1.jar
     [loader.0] file:/home/lareb/.rvm/gems/jruby-1.7.11/gems/neo4j-community-1.8.2-java/lib/neo4j-community/jars/server-api-1.8.2.jar
     [loader.0] file:/home/lareb/.rvm/rubies/jruby-1.7.11/lib/ruby/shared/bcpkix-jdk15on-1.47.jar
     [bootstrap] /home/lareb/.rvm/rubies/jruby-1.7.11/lib/jruby.jar
     [loader.0] file:/home/lareb/.rvm/gems/jruby-1.7.11/gems/json-1.8.1-java/lib/json/ext/parser.jar
     [bootstrap] /usr/lib/jvm/java-7-oracle/jre/lib/jfr.jar
     [loader.0] file:/home/lareb/.rvm/gems/jruby-1.7.11/gems/neo4j-community-1.8.2-java/lib/neo4j-community/jars/scala-library-2.9.1-1.jar
     [bootstrap] /usr/lib/jvm/java-7-oracle/jre/lib/resources.jar
     [loader.2] file:/usr/lib/jvm/java-7-oracle/jre/lib/ext/zipfs.jar
     [loader.0] file:/home/lareb/.rvm/rubies/jruby-1.7.11/lib/ruby/shared/kryptproviderjdk.jar
     [loader.0] file:/home/lareb/.rvm/gems/jruby-1.7.11/gems/thread_safe-0.3.4-java/lib/thread_safe/jruby_cache_backend.jar
     [bootstrap] /usr/lib/jvm/java-7-oracle/jre/lib/sunrsasign.jar
     [loader.0] file:/home/lareb/.rvm/rubies/jruby-1.7.11/lib/ruby/shared/kryptcore.jar
     [loader.0] file:/home/lareb/.rvm/gems/jruby-1.7.11/gems/neo4j-community-1.8.2-java/lib/neo4j-community/jars/neo4j-kernel-1.8.2.jar
     [loader.0] file:/home/lareb/.rvm/gems/jruby-1.7.11/gems/neo4j-community-1.8.2-java/lib/neo4j-community/jars/lucene-core-3.5.0.jar
     [bootstrap] /usr/lib/jvm/java-7-oracle/jre/lib/rt.jar
     [loader.2] file:/usr/lib/jvm/java-7-oracle/jre/lib/ext/sunec.jar
     [loader.0] file:/home/lareb/.rvm/gems/jruby-1.7.11/gems/neo4j-community-1.8.2-java/lib/neo4j-community/jars/neo4j-cypher-1.8.2.jar
     [loader.0] file:/home/lareb/.rvm/gems/jruby-1.7.11/gems/neo4j-community-1.8.2-java/lib/neo4j-community/jars/neo4j-lucene-index-1.8.2.jar
     [loader.0] file:/home/lareb/.rvm/gems/jruby-1.7.11/gems/neo4j-community-1.8.2-java/lib/neo4j-community/jars/neo4j-shell-1.8.2.jar
     [bootstrap] /usr/lib/jvm/java-7-oracle/jre/lib/charsets.jar
     [classpath + loader.1] file:/home/lareb/workspace/kvitter-master/
     [loader.0] file:/home/lareb/.rvm/gems/jruby-1.7.11/gems/neo4j-community-1.8.2-java/lib/neo4j-community/jars/concurrentlinkedhashmap-lru-1.3.1.jar
     [loader.0] file:/home/lareb/.rvm/gems/jruby-1.7.11/gems/neo4j-community-1.8.2-java/lib/neo4j-community/jars/org.apache.servicemix.bundles.jline-0.9.94_1.jar
2014-06-05 12:49:49.484+0000: Library path:
    /usr/java/packages/lib/amd64
    /usr/lib64
    /lib64
    /lib
    /usr/lib
2014-06-05 12:49:49.485+0000: System.properties:
    jruby.home = /home/lareb/.rvm/rubies/jruby-1.7.11
    sun.boot.library.path = /usr/lib/jvm/java-7-oracle/jre/lib/amd64
    path.separator = :
    file.encoding.pkg = sun.io
    user.country = IN
    sun.java.launcher = SUN_STANDARD
    sun.os.patch.level = unknown
    user.dir = /home/lareb/workspace/kvitter-master
    neo4j.ext.udc.source = neo4rb
    jdk.home = 
    sun.jnu.encoding = UTF-8
    sun.management.compiler = HotSpot 64-Bit Tiered Compilers
    jffi.boot.library.path = /home/lareb/.rvm/rubies/jruby-1.7.11/lib/jni:/home/lareb/.rvm/rubies/jruby-1.7.11/lib/jni/arm-Linux:/home/lareb/.rvm/rubies/jruby-1.7.11/lib/jni/i386-Linux:/home/lareb/.rvm/rubies/jruby-1.7.11/lib/jni/x86_64-Linux
    user.home = /home/lareb
    user.timezone = Asia/Kolkata
    file.encoding = UTF-8
    jruby.script = jruby
    user.name = lareb
    jruby.shell = /bin/sh
    sun.java.command = org/jruby/Main script/rails s
    sun.arch.data.model = 64
    user.language = en
    awt.toolkit = sun.awt.X11.XToolkit
    file.separator = /
    sun.io.unicode.encoding = UnicodeLittle
    sun.cpu.endian = little
    sun.desktop = gnome
    sun.cpu.isalist = 
2014-06-05 12:49:49.485+0000: Linux scheduler information:
    noop [deadline] cfq 
    noop [deadline] cfq 
    none
    none
    none
    none
    none
    none
    none
    none
    none
    none
    none
    none
    none
    none
    none
    none
    none
    none
    none
    none
    none
    none
    none
    none
2014-06-05 12:49:49.487+0000: Network information:
    Interface eth0:
        address: fe80:0:0:0:ba88:e3ff:fee5:33b3%2
        address: 10.1.14.129
    Interface lo:
        address: 0:0:0:0:0:0:0:1%1
        address: 127.0.0.1
2014-06-05 12:49:49.488+0000: --- STARTUP diagnostics END ---
2014-06-05 12:49:49.492+0000: Recovery completed, all transactions have been resolved to a consistent state.
2014-06-05 12:49:49.552+0000: Extension org.neo4j.kernel.KernelExtension[kernel jmx] loaded ok
2014-06-05 12:49:49.555+0000: Extension org.neo4j.kernel.KernelExtension[kernel udc] loaded ok
2014-06-05 12:49:49.556+0000: Extension org.neo4j.kernel.KernelExtension[shell] loaded ok
2014-06-05 12:49:49.560+0000: --- STARTUP diagnostics for KernelDiagnostics:Versions START ---
2014-06-05 12:49:49.560+0000: Graph Database: org.neo4j.kernel.EmbeddedGraphDatabase StoreId[time:1401972587767, id:2153981196825081753, store version: 13561656364791302]
2014-06-05 12:49:49.560+0000: Kernel version: Neo4j - Graph Database Kernel 1.8.2
2014-06-05 12:49:49.560+0000: Neo4j component versions:
2014-06-05 12:49:49.561+0000:   Neo4j - Graph Database Kernel 1.8.2
2014-06-05 12:49:49.561+0000: --- STARTUP diagnostics for KernelDiagnostics:Versions END ---
2014-06-05 12:49:49.563+0000: --- STARTUP diagnostics for NEO_STORE_VERSIONS START ---
2014-06-05 12:49:49.564+0000: Store versions:
    Store versions:
      NeoStore v0.A.0
      NodeStore v0.A.0
      RelationshipStore v0.A.0
      RelationshipTypeStore v0.A.0
      PropertyStore v0.A.0
      PropertyIndexStore v0.A.0
      StringPropertyStore v0.A.0
      ArrayPropertyStore v0.A.0
2014-06-05 12:49:49.564+0000: --- STARTUP diagnostics for NEO_STORE_VERSIONS END ---
2014-06-05 12:49:49.564+0000: --- STARTUP diagnostics for NEO_STORE_ID_USAGE START ---
2014-06-05 12:49:49.564+0000: Id usage:
    Id usage:
      NodeStore: used=1 high=0
      RelationshipStore: used=0 high=-1
      RelationshipTypeStore: used=0 high=-1
      PropertyStore: used=0 high=-1
      PropertyIndexStore: used=0 high=-1
      StringPropertyStore: used=1 high=0
      ArrayPropertyStore: used=1 high=0
2014-06-05 12:49:49.565+0000: --- STARTUP diagnostics for NEO_STORE_ID_USAGE END ---
2014-06-05 12:49:49.565+0000: --- STARTUP diagnostics for PERSISTENCE_WINDOW_POOL_STATS START ---
2014-06-05 12:49:49.565+0000: --- STARTUP diagnostics for PERSISTENCE_WINDOW_POOL_STATS END ---
2014-06-05 12:49:49.565+0000: --- STARTUP diagnostics for KernelDiagnostics:StoreFiles START ---
2014-06-05 12:49:49.565+0000: Disk space on partition (Total / Free / Free %): 15614754816 / 5209001984 / 66
Storage files: (filename : modification date - size)
      neostore.propertystore.db.index.keys: 2014-06-05T18:19:49+0530 - 38.00 B
      neostore.propertystore.db.id: 2014-06-05T18:19:49+0530 - 9.00 B
      neostore.propertystore.db.arrays.id: 2014-06-05T18:19:49+0530 - 9.00 B
      neostore.relationshipstore.db.id: 2014-06-05T18:19:49+0530 - 9.00 B
      neostore: 2014-06-05T18:19:49+0530 - 54.00 B
      tm_tx_log.1: 2014-06-05T18:19:49+0530 - 0.00 B
      lock: 2014-06-05T18:19:49+0530 - 0.00 B
      neostore.relationshipstore.db: 2014-06-05T18:19:49+0530 - 0.00 B
      neostore.propertystore.db.index.keys.id: 2014-06-05T18:19:49+0530 - 9.00 B
      neostore.id: 2014-06-05T18:19:49+0530 - 9.00 B
      index:
        lucene.log.1: 2014-06-05T18:19:49+0530 - 16.00 B
        lucene-store.db: 2014-06-05T18:19:49+0530 - 40.00 B
        lucene.log.active: 2014-06-05T18:19:49+0530 - 4.00 B
      - Total: 2014-06-05T18:19:49+0530 - 60.00 B
      messages.log: 2014-06-05T18:19:49+0530 - 19.00 kB
      neostore.propertystore.db: 2014-06-05T18:19:49+0530 - 0.00 B
      neostore.propertystore.db.arrays: 2014-06-05T18:19:49+0530 - 128.00 B
      neostore.nodestore.db: 2014-06-05T18:19:49+0530 - 9.00 B
      active_tx_log: 2014-06-05T18:19:49+0530 - 11.00 B
      nioneo_logical.log.active: 2014-06-05T18:19:49+0530 - 4.00 B
      nioneo_logical.log.1: 2014-06-05T18:19:49+0530 - 16.00 B
      neostore.propertystore.db.index: 2014-06-05T18:19:49+0530 - 0.00 B
      neostore.propertystore.db.strings.id: 2014-06-05T18:19:49+0530 - 9.00 B
      neostore.relationshiptypestore.db: 2014-06-05T18:19:49+0530 - 0.00 B
      neostore.relationshiptypestore.db.names: 2014-06-05T18:19:49+0530 - 38.00 B
      neostore.nodestore.db.id: 2014-06-05T18:19:49+0530 - 9.00 B
      neostore.relationshiptypestore.db.names.id: 2014-06-05T18:19:49+0530 - 9.00 B
      store_lock: 2014-06-05T18:19:47+0530 - 0.00 B
      neostore.propertystore.db.strings: 2014-06-05T18:19:49+0530 - 128.00 B
      neostore.propertystore.db.index.id: 2014-06-05T18:19:49+0530 - 9.00 B
      neostore.relationshiptypestore.db.id: 2014-06-05T18:19:49+0530 - 9.00 B
2014-06-05 12:49:49.571+0000: --- STARTUP diagnostics for KernelDiagnostics:StoreFiles END ---
2014-06-05 12:49:49.572+0000: Started - database is now available
2014-06-05 12:49:49.573+0000: GC Monitor started. 
2014-06-05 12:50:26.854+0000: GC Monitor: Application threads blocked for an additional 629ms [total block time: 0.629s]
2014-06-05 13:05:35.517+0000: Stopping - database is now unavailable
2014-06-05 13:05:35.550+0000: TM shutting down
2014-06-05 13:05:35.553+0000: GC Monitor stopped. 
2014-06-05 13:05:36.385+0000: Closed log /home/lareb/workspace/kvitter-master/db/neo4j-development/index/lucene.log
2014-06-05 13:05:36.445+0000: Closed log /home/lareb/workspace/kvitter-master/db/neo4j-development/nioneo_logical.log
2014-06-05 13:05:36.446+0000: /home/lareb/workspace/kvitter-master/db/neo4j-development/neostore.relationshiptypestore.db.names hit=0 miss=4 switches=0 ooe=0
2014-06-05 13:05:36.506+0000: /home/lareb/workspace/kvitter-master/db/neo4j-development/neostore.relationshiptypestore.db hit=0 miss=4 switches=0 ooe=0
2014-06-05 13:05:36.557+0000: /home/lareb/workspace/kvitter-master/db/neo4j-development/neostore.propertystore.db.strings hit=0 miss=0 switches=0 ooe=0
2014-06-05 13:05:36.598+0000: /home/lareb/workspace/kvitter-master/db/neo4j-development/neostore.propertystore.db.index.keys hit=7 miss=0 switches=0 ooe=0
2014-06-05 13:05:36.648+0000: /home/lareb/workspace/kvitter-master/db/neo4j-development/neostore.propertystore.db.index hit=7 miss=0 switches=0 ooe=0
2014-06-05 13:05:36.698+0000: /home/lareb/workspace/kvitter-master/db/neo4j-development/neostore.propertystore.db.arrays hit=0 miss=0 switches=0 ooe=0
2014-06-05 13:05:36.749+0000: /home/lareb/workspace/kvitter-master/db/neo4j-development/neostore.propertystore.db hit=12 miss=0 switches=0 ooe=0
2014-06-05 13:05:36.799+0000: /home/lareb/workspace/kvitter-master/db/neo4j-development/neostore.relationshipstore.db hit=16 miss=0 switches=0 ooe=0
2014-06-05 13:05:36.841+0000: /home/lareb/workspace/kvitter-master/db/neo4j-development/neostore.nodestore.db hit=22 miss=0 switches=0 ooe=0
2014-06-05 13:05:36.900+0000: /home/lareb/workspace/kvitter-master/db/neo4j-development/neostore hit=0 miss=26 switches=0 ooe=0
2014-06-05 13:05:36.950+0000: NeoStore closed
2014-06-05 13:05:36.950+0000: --- SHUTDOWN diagnostics START ---
2014-06-05 13:05:36.950+0000: --- SHUTDOWN diagnostics END ---
2014-06-05 13:07:06.263+0000: WARNING! You are using an unsupported version of the Java runtime. Please use Oracle(R) Java(TM) Runtime Environment 6.
2014-06-05 13:07:06.333+0000: [/home/lareb/workspace/kvitter-master/db/neo4j-development/neostore.relationshiptypestore.db.names] brickCount=0 brickSize=0b mappedMem=0b (storeSize=190b)
2014-06-05 13:07:06.336+0000: [/home/lareb/workspace/kvitter-master/db/neo4j-development/neostore.relationshiptypestore.db] brickCount=0 brickSize=0b mappedMem=0b (storeSize=20b)
2014-06-05 13:07:06.337+0000: [/home/lareb/workspace/kvitter-master/db/neo4j-development/neostore.propertystore.db.strings] brickCount=0 brickSize=684672b mappedMem=684720128b (storeSize=128b)
2014-06-05 13:07:06.337+0000: [/home/lareb/workspace/kvitter-master/db/neo4j-development/neostore.propertystore.db.index.keys] brickCount=0 brickSize=1026b mappedMem=1048576b (storeSize=304b)
2014-06-05 13:07:06.338+0000: [/home/lareb/workspace/kvitter-master/db/neo4j-development/neostore.propertystore.db.index] brickCount=0 brickSize=1044b mappedMem=1048576b (storeSize=63b)
2014-06-05 13:07:06.339+0000: [/home/lareb/workspace/kvitter-master/db/neo4j-development/neostore.propertystore.db.arrays] brickCount=0 brickSize=775936b mappedMem=775946240b (storeSize=128b)
2014-06-05 13:07:06.341+0000: [/home/lareb/workspace/kvitter-master/db/neo4j-development/neostore.propertystore.db] brickCount=0 brickSize=805281b mappedMem=805306368b (storeSize=410b)
2014-06-05 13:07:06.343+0000: [/home/lareb/workspace/kvitter-master/db/neo4j-development/neostore.relationshipstore.db] brickCount=0 brickSize=986700b mappedMem=986710016b (storeSize=198b)
2014-06-05 13:07:06.345+0000: [/home/lareb/workspace/kvitter-master/db/neo4j-development/neostore.nodestore.db] brickCount=0 brickSize=223344b mappedMem=223346688b (storeSize=63b)
2014-06-05 13:07:06.346+0000: [/home/lareb/workspace/kvitter-master/db/neo4j-development/neostore] brickCount=0 brickSize=0b mappedMem=0b (storeSize=54b)
2014-06-05 13:07:06.365+0000: Opened logical log [/home/lareb/workspace/kvitter-master/db/neo4j-development/nioneo_logical.log.1] version=1, lastTxId=11 (clean)
2014-06-05 13:07:06.383+0000: TM opening log: /home/lareb/workspace/kvitter-master/db/neo4j-development/tm_tx_log.1
2014-06-05 13:07:06.406+0000: Opened logical log [/home/lareb/workspace/kvitter-master/db/neo4j-development/index/lucene.log.1] version=1, lastTxId=7 (clean)
2014-06-05 13:07:06.419+0000: --- STARTUP diagnostics START ---
2014-06-05 13:07:06.421+0000: Neo4j Kernel properties:
    forced_kernel_id=
    read_only=false
    neo4j.ext.udc.host=udc.neo4j.org
    logical_log=nioneo_logical.log
    node_auto_indexing=false
    intercept_committing_transactions=false
    remote_shell_name=shell
    cache_type=soft
    intercept_deserialized_transactions=false
    lucene_searcher_cache_size=2147483647
    neo4j.ext.udc.interval=86400000
    use_memory_mapped_buffers=true
    timestamps=true
    rebuild_idgenerators_fast=true
    neostore.propertystore.db.index.keys.mapped_memory=1M
    neostore.propertystore.db.arrays.mapped_memory=740M
    neostore.propertystore.db.strings.mapped_memory=653M
    log_mapped_memory_stats_filename=mapped_memory_stats.log
    log_mapped_memory_stats_interval=1000000
    gcr_cache_min_log_interval=60s
    relationship_grab_size=100
    relationship_auto_indexing=false
    remote_shell_read_only=false
    storage_path=/home/lareb/workspace/kvitter-master/db/neo4j-development
    node_cache_array_fraction=1.0
    allow_store_upgrade=false
    execution_guard_enabled=false
    relationship_cache_array_fraction=1.0
    migration_thread=false
    store_dir=/home/lareb/workspace/kvitter-master/db/neo4j-development
    remote_logging_host=127.0.0.1
    online_backup_enabled=false
    remote_logging_port=4560
    enable_rules=true
    gc_monitor_threshold=200ms
    array_block_size=120
    load_kernel_extensions=true
    neostore.relationshipstore.db.mapped_memory=941M
    keep_logical_logs=true
    dump_configuration=false
    gc_monitor_wait_time=100ms
    neostore.nodestore.db.mapped_memory=213M
    neo4j.ext.udc.first_delay=600000
    remote_shell_enabled=false
    neo4j.ext.udc.reg=unreg
    remote_shell_port=1337
    identity_map=false
    log_mapped_memory_stats=false
    mapped_memory_page_size=1M
    neo_store=neostore
    query_cache_size=100
    logging.threshold_for_rotation=104857600
    neostore.propertystore.db.index.mapped_memory=1M
    backup_slave=false
    neostore.propertystore.db.mapped_memory=768M
    string_block_size=120
    grab_file_lock=true
    remote_logging_enabled=false
    neo4j.ext.udc.enabled=true
    all_stores_total_mapped_memory_size=500M
    online_backup_port=6362
2014-06-05 13:07:06.425+0000: Diagnostics providers:
    org.neo4j.kernel.configuration.Config
    org.neo4j.kernel.info.DiagnosticsManager
    SYSTEM_MEMORY
    JAVA_MEMORY
    OPERATING_SYSTEM
    JAVA_VIRTUAL_MACHINE
    CLASSPATH
    LIBRARY_PATH
    SYSTEM_PROPERTIES
    LINUX_SCHEDULERS
    NETWORK
2014-06-05 13:07:06.426+0000: System memory information:
    Total Physical memory: 7.65 GB
    Free Physical memory: 2.62 GB
    Committed virtual memory: 1.81 GB
    Total swap space: 19.53 GB
    Free swap space: 19.53 GB
2014-06-05 13:07:06.428+0000: JVM memory information:
    Free  memory: 62.35 MB
    Total memory: 216.50 MB
    Max   memory: 444.50 MB
    Garbage Collector: PS Scavenge: [PS Eden Space, PS Survivor Space]
    Garbage Collector: PS MarkSweep: [PS Eden Space, PS Survivor Space, PS Old Gen, PS Perm Gen]
    Memory Pool: Code Cache (Non-heap memory): committed=4.13 MB, used=4.03 MB, max=48.00 MB, threshold=0.00 B
    Memory Pool: PS Eden Space (Heap memory): committed=113.00 MB, used=97.79 MB, max=118.00 MB, threshold=?
    Memory Pool: PS Survivor Space (Heap memory): committed=22.00 MB, used=21.99 MB, max=22.00 MB, threshold=?
    Memory Pool: PS Old Gen (Heap memory): committed=81.50 MB, used=34.37 MB, max=333.00 MB, threshold=0.00 B
    Memory Pool: PS Perm Gen (Non-heap memory): committed=39.00 MB, used=38.83 MB, max=82.00 MB, threshold=0.00 B
2014-06-05 13:07:06.432+0000: Operating system information:
    Operating System: Linux; version: 3.11.0-22-generic; arch: amd64; cpus: 4
    Max number of file descriptors: 4096
    Number of open file descriptors: 79
    Process id: 15881@lareb-ThinkPad-Edge-E530
    Byte order: LITTLE_ENDIAN
    Local timezone: Asia/Kolkata
2014-06-05 13:07:06.432+0000: JVM information:
    VM Name: Java HotSpot(TM) 64-Bit Server VM
    VM Vendor: Oracle Corporation
    VM Version: 24.55-b03
    JIT compiler: HotSpot 64-Bit Tiered Compilers
    VM Arguments: [-Djdk.home=, -Djruby.home=/home/lareb/.rvm/rubies/jruby-1.7.11, -Djruby.script=jruby, -Djruby.shell=/bin/sh, -Djffi.boot.library.path=/home/lareb/.rvm/rubies/jruby-1.7.11/lib/jni:/home/lareb/.rvm/rubies/jruby-1.7.11/lib/jni/arm-Linux:/home/lareb/.rvm/rubies/jruby-1.7.11/lib/jni/i386-Linux:/home/lareb/.rvm/rubies/jruby-1.7.11/lib/jni/x86_64-Linux, -Xmx500m, -Xss2048k, -Xbootclasspath/a:/home/lareb/.rvm/rubies/jruby-1.7.11/lib/jruby.jar]
2014-06-05 13:07:06.433+0000: Java classpath:
     [loader.0] file:/home/lareb/.rvm/gems/jruby-1.7.11/gems/neo4j-community-1.8.2-java/lib/neo4j-community/jars/neo4j-jmx-1.8.2.jar
     [loader.2] file:/usr/lib/jvm/java-7-oracle/jre/lib/ext/sunjce_provider.jar
     [loader.0] file:/home/lareb/.rvm/gems/jruby-1.7.11/gems/therubyrhino_jar-1.7.4/jar/rhino-1.7R4.jar
     [loader.0] file:/home/lareb/.rvm/gems/jruby-1.7.11/gems/http_parser.rb-0.6.0-java/lib/ruby_http_parser.jar
     [bootstrap] /usr/lib/jvm/java-7-oracle/jre/classes
     [loader.0] file:/home/lareb/.rvm/gems/jruby-1.7.11/gems/neo4j-community-1.8.2-java/lib/neo4j-community/jars/neo4j-udc-1.8.2.jar
     [loader.0] file:/home/lareb/.rvm/rubies/jruby-1.7.11/lib/ruby/shared/bcprov-jdk15on-1.47.jar
     [loader.0] file:/home/lareb/.rvm/gems/jruby-1.7.11/gems/neo4j-community-1.8.2-java/lib/neo4j-community/jars/neo4j-graph-matching-1.8.2.jar
     [loader.0] file:/home/lareb/.rvm/gems/jruby-1.7.11/gems/jruby-openssl-0.9.4/lib/jopenssl.jar
     [bootstrap] /usr/lib/jvm/java-7-oracle/jre/lib/jsse.jar
     [loader.2] file:/usr/lib/jvm/java-7-oracle/jre/lib/ext/localedata.jar
     [loader.0] file:/home/lareb/.rvm/gems/jruby-1.7.11/gems/json-1.8.1-java/lib/json/ext/generator.jar
     [loader.2] file:/usr/lib/jvm/java-7-oracle/jre/lib/ext/sunpkcs11.jar
     [loader.0] file:/home/lareb/.rvm/gems/jruby-1.7.11/gems/neo4j-community-1.8.2-java/lib/neo4j-community/jars/neo4j-graph-algo-1.8.2.jar
     [loader.2] file:/usr/lib/jvm/java-7-oracle/jre/lib/ext/dnsns.jar
     [bootstrap] /usr/lib/jvm/java-7-oracle/jre/lib/jce.jar
     [loader.0] file:/home/lareb/.rvm/gems/jruby-1.7.11/gems/neo4j-core-2.2.4-java/lib/neo4j-core/jars/neo4jrb-adaptor.jar
     [loader.0] file:/home/lareb/.rvm/gems/jruby-1.7.11/gems/neo4j-community-1.8.2-java/lib/neo4j-community/jars/geronimo-jta_1.1_spec-1.1.1.jar
     [loader.0] file:/home/lareb/.rvm/gems/jruby-1.7.11/gems/neo4j-community-1.8.2-java/lib/neo4j-community/jars/server-api-1.8.2.jar
     [loader.0] file:/home/lareb/.rvm/rubies/jruby-1.7.11/lib/ruby/shared/bcpkix-jdk15on-1.47.jar
     [bootstrap] /home/lareb/.rvm/rubies/jruby-1.7.11/lib/jruby.jar
     [loader.0] file:/home/lareb/.rvm/gems/jruby-1.7.11/gems/json-1.8.1-java/lib/json/ext/parser.jar
     [bootstrap] /usr/lib/jvm/java-7-oracle/jre/lib/jfr.jar
     [loader.0] file:/home/lareb/.rvm/gems/jruby-1.7.11/gems/neo4j-community-1.8.2-java/lib/neo4j-community/jars/scala-library-2.9.1-1.jar
     [bootstrap] /usr/lib/jvm/java-7-oracle/jre/lib/resources.jar
     [loader.2] file:/usr/lib/jvm/java-7-oracle/jre/lib/ext/zipfs.jar
     [loader.0] file:/home/lareb/.rvm/rubies/jruby-1.7.11/lib/ruby/shared/kryptproviderjdk.jar
     [loader.0] file:/home/lareb/.rvm/gems/jruby-1.7.11/gems/thread_safe-0.3.4-java/lib/thread_safe/jruby_cache_backend.jar
     [bootstrap] /usr/lib/jvm/java-7-oracle/jre/lib/sunrsasign.jar
     [loader.0] file:/home/lareb/.rvm/rubies/jruby-1.7.11/lib/ruby/shared/kryptcore.jar
     [loader.0] file:/home/lareb/.rvm/gems/jruby-1.7.11/gems/neo4j-community-1.8.2-java/lib/neo4j-community/jars/neo4j-kernel-1.8.2.jar
     [loader.0] file:/home/lareb/.rvm/gems/jruby-1.7.11/gems/neo4j-community-1.8.2-java/lib/neo4j-community/jars/lucene-core-3.5.0.jar
     [bootstrap] /usr/lib/jvm/java-7-oracle/jre/lib/rt.jar
     [loader.2] file:/usr/lib/jvm/java-7-oracle/jre/lib/ext/sunec.jar
     [loader.0] file:/home/lareb/.rvm/gems/jruby-1.7.11/gems/neo4j-community-1.8.2-java/lib/neo4j-community/jars/neo4j-cypher-1.8.2.jar
     [loader.0] file:/home/lareb/.rvm/gems/jruby-1.7.11/gems/neo4j-community-1.8.2-java/lib/neo4j-community/jars/neo4j-lucene-index-1.8.2.jar
     [loader.0] file:/home/lareb/.rvm/gems/jruby-1.7.11/gems/neo4j-community-1.8.2-java/lib/neo4j-community/jars/neo4j-shell-1.8.2.jar
     [bootstrap] /usr/lib/jvm/java-7-oracle/jre/lib/charsets.jar
     [classpath + loader.1] file:/home/lareb/workspace/kvitter-master/
     [loader.0] file:/home/lareb/.rvm/gems/jruby-1.7.11/gems/neo4j-community-1.8.2-java/lib/neo4j-community/jars/concurrentlinkedhashmap-lru-1.3.1.jar
     [loader.0] file:/home/lareb/.rvm/gems/jruby-1.7.11/gems/neo4j-community-1.8.2-java/lib/neo4j-community/jars/org.apache.servicemix.bundles.jline-0.9.94_1.jar
     [loader.0] file:/home/lareb/.rvm/gems/jruby-1.7.11/gems/bcrypt-ruby-3.1.5-java/lib/bcrypt_ext.jar
2014-06-05 13:07:06.434+0000: Library path:
    /usr/java/packages/lib/amd64
    /usr/lib64
    /lib64
    /lib
    /usr/lib
2014-06-05 13:07:06.434+0000: System.properties:
    jruby.home = /home/lareb/.rvm/rubies/jruby-1.7.11
    sun.boot.library.path = /usr/lib/jvm/java-7-oracle/jre/lib/amd64
    path.separator = :
    file.encoding.pkg = sun.io
    user.country = IN
    sun.java.launcher = SUN_STANDARD
    sun.os.patch.level = unknown
    user.dir = /home/lareb/workspace/kvitter-master
    neo4j.ext.udc.source = neo4rb
    jdk.home = 
    sun.jnu.encoding = UTF-8
    sun.management.compiler = HotSpot 64-Bit Tiered Compilers
    jffi.boot.library.path = /home/lareb/.rvm/rubies/jruby-1.7.11/lib/jni:/home/lareb/.rvm/rubies/jruby-1.7.11/lib/jni/arm-Linux:/home/lareb/.rvm/rubies/jruby-1.7.11/lib/jni/i386-Linux:/home/lareb/.rvm/rubies/jruby-1.7.11/lib/jni/x86_64-Linux
    user.home = /home/lareb
    user.timezone = Asia/Kolkata
    file.encoding = UTF-8
    jruby.script = jruby
    user.name = lareb
    jruby.shell = /bin/sh
    sun.java.command = org/jruby/Main script/rails s
    sun.arch.data.model = 64
    user.language = en
    awt.toolkit = sun.awt.X11.XToolkit
    file.separator = /
    sun.io.unicode.encoding = UnicodeLittle
    sun.cpu.endian = little
    sun.desktop = gnome
    sun.cpu.isalist = 
2014-06-05 13:07:06.435+0000: Linux scheduler information:
    noop [deadline] cfq 
    noop [deadline] cfq 
    none
    none
    none
    none
    none
    none
    none
    none
    none
    none
    none
    none
    none
    none
    none
    none
    none
    none
    none
    none
    none
    none
    none
    none
2014-06-05 13:07:06.437+0000: Network information:
    Interface eth0:
        address: fe80:0:0:0:ba88:e3ff:fee5:33b3%2
        address: 10.1.14.129
    Interface lo:
        address: 0:0:0:0:0:0:0:1%1
        address: 127.0.0.1
2014-06-05 13:07:06.438+0000: --- STARTUP diagnostics END ---
2014-06-05 13:07:06.443+0000: Recovery completed, all transactions have been resolved to a consistent state.
2014-06-05 13:07:06.509+0000: Extension org.neo4j.kernel.KernelExtension[kernel jmx] loaded ok
2014-06-05 13:07:06.513+0000: Extension org.neo4j.kernel.KernelExtension[kernel udc] loaded ok
2014-06-05 13:07:06.514+0000: Extension org.neo4j.kernel.KernelExtension[shell] loaded ok
2014-06-05 13:07:06.517+0000: --- STARTUP diagnostics for KernelDiagnostics:Versions START ---
2014-06-05 13:07:06.517+0000: Graph Database: org.neo4j.kernel.EmbeddedGraphDatabase StoreId[time:1401972587767, id:2153981196825081753, store version: 13561656364791302]
2014-06-05 13:07:06.517+0000: Kernel version: Neo4j - Graph Database Kernel 1.8.2
2014-06-05 13:07:06.517+0000: Neo4j component versions:
2014-06-05 13:07:06.518+0000:   Neo4j - Graph Database Kernel 1.8.2
2014-06-05 13:07:06.518+0000: --- STARTUP diagnostics for KernelDiagnostics:Versions END ---
2014-06-05 13:07:06.520+0000: --- STARTUP diagnostics for NEO_STORE_VERSIONS START ---
2014-06-05 13:07:06.521+0000: Store versions:
    Store versions:
      NeoStore v0.A.0
      NodeStore v0.A.0
      RelationshipStore v0.A.0
      RelationshipTypeStore v0.A.0
      PropertyStore v0.A.0
      PropertyIndexStore v0.A.0
      StringPropertyStore v0.A.0
      ArrayPropertyStore v0.A.0
2014-06-05 13:07:06.521+0000: --- STARTUP diagnostics for NEO_STORE_VERSIONS END ---
2014-06-05 13:07:06.521+0000: --- STARTUP diagnostics for NEO_STORE_ID_USAGE START ---
2014-06-05 13:07:06.521+0000: Id usage:
    Id usage:
      NodeStore: used=7 high=6
      RelationshipStore: used=6 high=5
      RelationshipTypeStore: used=4 high=3
      PropertyStore: used=10 high=9
      PropertyIndexStore: used=7 high=6
      StringPropertyStore: used=1 high=0
      ArrayPropertyStore: used=1 high=0
2014-06-05 13:07:06.522+0000: --- STARTUP diagnostics for NEO_STORE_ID_USAGE END ---
2014-06-05 13:07:06.522+0000: --- STARTUP diagnostics for PERSISTENCE_WINDOW_POOL_STATS START ---
2014-06-05 13:07:06.522+0000: --- STARTUP diagnostics for PERSISTENCE_WINDOW_POOL_STATS END ---
2014-06-05 13:07:06.522+0000: --- STARTUP diagnostics for KernelDiagnostics:StoreFiles START ---
2014-06-05 13:07:06.523+0000: Disk space on partition (Total / Free / Free %): 15614754816 / 5210533888 / 66
Storage files: (filename : modification date - size)
      neostore.propertystore.db.index.keys: 2014-06-05T18:37:06+0530 - 1.00 kB
      nioneo_logical.log.v0: 2014-06-05T18:35:36+0530 - 3.35 kB
      neostore.propertystore.db.id: 2014-06-05T18:37:06+0530 - 9.00 B
      neostore.propertystore.db.arrays.id: 2014-06-05T18:37:06+0530 - 9.00 B
      neostore.relationshipstore.db.id: 2014-06-05T18:37:06+0530 - 9.00 B
      neostore: 2014-06-05T18:37:06+0530 - 54.00 B
      tm_tx_log.1: 2014-06-05T18:37:06+0530 - 0.00 B
      lock: 2014-06-05T18:37:06+0530 - 0.00 B
      neostore.relationshipstore.db: 2014-06-05T18:37:06+0530 - 198.00 B
      neostore.propertystore.db.index.keys.id: 2014-06-05T18:37:06+0530 - 9.00 B
      index.db: 2014-06-05T18:21:21+0530 - 351.00 B
      neostore.id: 2014-06-05T18:37:06+0530 - 9.00 B
      index:
        lucene:
          node:
            Tweet_fulltext:
              _0.tii: 2014-06-05T18:35:35+0530 - 35.00 B
              _0.fnm: 2014-06-05T18:35:35+0530 - 26.00 B
              _0.fdt: 2014-06-05T18:35:35+0530 - 45.00 B
              _0.prx: 2014-06-05T18:35:35+0530 - 5.00 B
              _0.frq: 2014-06-05T18:35:35+0530 - 5.00 B
              _0.fdx: 2014-06-05T18:35:35+0530 - 12.00 B
              _0.nrm: 2014-06-05T18:35:35+0530 - 7.00 B
              _0.tis: 2014-06-05T18:35:35+0530 - 82.00 B
              segments.gen: 2014-06-05T18:35:36+0530 - 20.00 B
              segments_1: 2014-06-05T18:35:36+0530 - 248.00 B
            - Total: 2014-06-05T18:35:36+0530 - 485.00 B
            User_exact:
              _0.tii: 2014-06-05T18:20:43+0530 - 35.00 B
              _1.tis: 2014-06-05T18:35:36+0530 - 48.00 B
              _1.fnm: 2014-06-05T18:35:36+0530 - 18.00 B
              _1.nrm: 2014-06-05T18:35:36+0530 - 6.00 B
              _0.fnm: 2014-06-05T18:20:43+0530 - 18.00 B
              _0.fdt: 2014-06-05T18:20:43+0530 - 23.00 B
              _0.prx: 2014-06-05T18:20:43+0530 - 2.00 B
              _1.tii: 2014-06-05T18:35:36+0530 - 35.00 B
              _1.fdx: 2014-06-05T18:35:36+0530 - 12.00 B
              _0.frq: 2014-06-05T18:20:43+0530 - 2.00 B
              _0.fdx: 2014-06-05T18:20:43+0530 - 12.00 B
              _1.frq: 2014-06-05T18:35:36+0530 - 2.00 B
              _0.nrm: 2014-06-05T18:20:43+0530 - 6.00 B
              _0.tis: 2014-06-05T18:20:43+0530 - 48.00 B
              _1.prx: 2014-06-05T18:35:36+0530 - 2.00 B
              _1.fdt: 2014-06-05T18:35:36+0530 - 23.00 B
              segments.gen: 2014-06-05T18:35:36+0530 - 20.00 B
              segments_1: 2014-06-05T18:35:36+0530 - 464.00 B
            - Total: 2014-06-05T18:35:36+0530 - 776.00 B
            Tweet_exact:
              _0.tii: 2014-06-05T18:35:35+0530 - 35.00 B
              _0.fnm: 2014-06-05T18:35:35+0530 - 28.00 B
              _0.fdt: 2014-06-05T18:35:35+0530 - 32.00 B
              _0.prx: 2014-06-05T18:35:35+0530 - 2.00 B
              _0.frq: 2014-06-05T18:35:35+0530 - 18.00 B
              _0.fdx: 2014-06-05T18:35:35+0530 - 12.00 B
              _0.nrm: 2014-06-05T18:35:35+0530 - 6.00 B
              _0.tis: 2014-06-05T18:35:35+0530 - 244.00 B
              segments.gen: 2014-06-05T18:35:35+0530 - 20.00 B
              segments_1: 2014-06-05T18:35:35+0530 - 248.00 B
            - Total: 2014-06-05T18:35:35+0530 - 645.00 B
          - Total: 2014-06-05T18:21:21+0530 - 1.86 kB
        - Total: 2014-06-05T18:20:25+0530 - 1.86 kB
        lucene.log.1: 2014-06-05T18:37:06+0530 - 16.00 B
        lucene-store.db: 2014-06-05T18:35:36+0530 - 40.00 B
        lucene.log.v0: 2014-06-05T18:35:36+0530 - 1.28 kB
        lucene.log.active: 2014-06-05T18:37:06+0530 - 4.00 B
      - Total: 2014-06-05T18:37:06+0530 - 3.20 kB
      messages.log: 2014-06-05T18:37:06+0530 - 38.76 kB
      neostore.propertystore.db: 2014-06-05T18:37:06+0530 - 410.00 B
      neostore.propertystore.db.arrays: 2014-06-05T18:37:06+0530 - 128.00 B
      neostore.nodestore.db: 2014-06-05T18:37:06+0530 - 63.00 B
      active_tx_log: 2014-06-05T18:19:49+0530 - 11.00 B
      nioneo_logical.log.active: 2014-06-05T18:37:06+0530 - 4.00 B
      nioneo_logical.log.1: 2014-06-05T18:37:06+0530 - 16.00 B
      neostore.propertystore.db.index: 2014-06-05T18:37:06+0530 - 1.02 kB
      neostore.propertystore.db.strings.id: 2014-06-05T18:37:06+0530 - 9.00 B
      neostore.relationshiptypestore.db: 2014-06-05T18:37:06+0530 - 20.00 B
      neostore.relationshiptypestore.db.names: 2014-06-05T18:37:06+0530 - 190.00 B
      neostore.nodestore.db.id: 2014-06-05T18:37:06+0530 - 9.00 B
      neostore.relationshiptypestore.db.names.id: 2014-06-05T18:37:06+0530 - 9.00 B
      store_lock: 2014-06-05T18:19:47+0530 - 0.00 B
      neostore.propertystore.db.strings: 2014-06-05T18:37:06+0530 - 128.00 B
      neostore.propertystore.db.index.id: 2014-06-05T18:37:06+0530 - 9.00 B
      neostore.relationshiptypestore.db.id: 2014-06-05T18:37:06+0530 - 9.00 B
2014-06-05 13:07:06.536+0000: --- STARTUP diagnostics for KernelDiagnostics:StoreFiles END ---
2014-06-05 13:07:06.538+0000: Started - database is now available
2014-06-05 13:07:06.539+0000: GC Monitor started. 
2014-06-05 13:10:26.488+0000: GC Monitor: Application threads blocked for an additional 575ms [total block time: 0.575s]
